Schema 'Expenses' created
Table 'Expenses.expense_types' created
Table 'Expenses.expenses' created
Inserted into 'Expenses.expense_type' values: 'Food','Food'
Inserted into 'Expenses.expense_type' values: 'Food','Snacks'
Inserted into 'Expenses.expense_type' values: 'Food','Alcohol'
Inserted into 'Expenses.expense_type' values: 'Food','Other'
Inserted into 'Expenses.expense_type' values: 'Entertainment','Movies'
Inserted into 'Expenses.expense_type' values: 'Entertainment','Eating out'
Inserted into 'Expenses.expense_type' values: 'Entertainment','Events'
Inserted into 'Expenses.expense_type' values: 'Entertainment','Other'
Inserted into 'Expenses.expense_type' values: 'Living costs','Consumables'
Inserted into 'Expenses.expense_type' values: 'Living costs','Bills'
Inserted into 'Expenses.expense_type' values: 'Living costs','Clothes'
Inserted into 'Expenses.expense_type' values: 'Living costs','Utilities'
Inserted into 'Expenses.expense_type' values: 'Living costs','Body/face care'
Inserted into 'Expenses.expense_type' values: 'Living costs','Other'
Inserted into 'Expenses.expense_type' values: 'Transport','Car fuel'
Inserted into 'Expenses.expense_type' values: 'Transport','City transport'
Inserted into 'Expenses.expense_type' values: 'Transport','Between city transport'
Inserted into 'Expenses.expense_type' values: 'Transport','Other'
Inserted into 'Expenses.expense_type' values: 'Traveling','Plane tickets'
Inserted into 'Expenses.expense_type' values: 'Traveling','Accomodation'
Inserted into 'Expenses.expense_type' values: 'Traveling','Food'
Inserted into 'Expenses.expense_type' values: 'Traveling','Entertainment'
Inserted into 'Expenses.expense_type' values: 'Traveling','Other'
Inserted into 'Expenses.expense_type' values: 'Hobbies','Gun related'
Inserted into 'Expenses.expense_type' values: 'Hobbies','Defence League'
Inserted into 'Expenses.expense_type' values: 'Other','Unknown'
Inserted into 'Expenses.expense_type' values: 'Other','Party'
Inserted into 'Expenses.expense_type' values: 'Other','Celebration'
Inserted into 'Expenses.expense_type' values: 'Other','Gift'
Inserted into 'Expenses.expense_type' values: 'Other','Make-up'
Inserted into 'Expenses.expense_type' values: 'Other','Other'
