[debug] > Exec(early(addDefaultCommands), None, None)
[debug] > Exec(addDefaultCommands, None, None)
[debug] > Exec(early(initialize), None, None)
[debug] > Exec(initialize, None, None)
[debug] > Exec(boot, None, None)
[debug] > Exec(writeSbtVersion, None, None)
[debug] > Exec(reload, None, None)
[debug] > Exec(sbtStashOnFailure, None, None)
[debug] > Exec(onFailure loadFailed, None, None)
[debug] > Exec(loadp, None, None)
[info] welcome to sbt 1.4.6 (Oracle Corporation Java 15.0.1)
[debug] Load.defaultLoad until apply took 1020.013906ms
[debug]           Load.loadUnit: plugins took 543.759994ms
[debug]           Load.loadUnit: defsScala took 0.571667ms
[debug] [Loading] Scanning directory /home/utt/Documents/showcase/expenses-scala/project
[debug] [Loading] Found non-root projects 
[debug] [Loading] Done in /home/utt/Documents/showcase/expenses-scala/project, returning: ()
[debug] deducing auto plugins based on known facts Set(Atom(sbt.plugins.CorePlugin)) and clauses Clauses(List(Clause(Atom(sbt.plugins.JvmPlugin),Set(Atom(sbt.plugins.IvyPlugin))), Clause(Atom(sbt.ScriptedPlugin),Set(Atom(sbt.plugins.JvmPlugin))), Clause(Atom(sbt.plugins.SbtPlugin),Set(Atom(sbt.ScriptedPlugin))), Clause(Atom(sbt.plugins.SemanticdbPlugin),Set(Atom(sbt.plugins.JvmPlugin))), Clause(Atom(sbt.plugins.JUnitXmlReportPlugin),Set(Atom(sbt.plugins.JvmPlugin))), Clause(Atom(sbt.plugins.MiniDependencyTreePlugin),Set(Atom(sbt.plugins.JvmPlugin))), Clause(Atom(sbt.plugins.CorePlugin),Set(Atom(sbt.plugins.IvyPlugin))), Clause(Atom(sbt.plugins.IvyPlugin),Set(Atom(sbt.plugins.JvmPlugin))), Clause(Atom(sbt.plugins.JvmPlugin),Set(Atom(sbt.plugins.SemanticdbPlugin))), Clause(Atom(sbt.plugins.JvmPlugin),Set(Atom(sbt.plugins.JUnitXmlReportPlugin))), Clause(Atom(sbt.plugins.CorePlugin),Set(Atom(sbt.plugins.Giter8TemplatePlugin))), Clause(Atom(sbt.plugins.JvmPlugin),Set(Atom(sbt.plugins.MiniDependencyTreePlugin)))))
[debug]   :: deduced result: Matched(sbt.plugins.CorePlugin,sbt.plugins.Giter8TemplatePlugin,sbt.plugins.IvyPlugin,sbt.plugins.JvmPlugin,sbt.plugins.MiniDependencyTreePlugin,sbt.plugins.JUnitXmlReportPlugin,sbt.plugins.SemanticdbPlugin)
[debug] Plugins.deducer#function took 191.223352 ms
[debug]               Load.resolveProject(expenses-scala-build) took 99.084418ms
[debug]             Load.loadTransitive: finalizeProject(Project(id expenses-scala-build, base: /home/utt/Documents/showcase/expenses-scala/project, plugins: List(<none>))) took 406.464375ms
[debug] [Loading] Done in /home/utt/Documents/showcase/expenses-scala/project, returning: (expenses-scala-build)
[debug]           Load.loadUnit: loadedProjectsRaw took 575.261223ms
[debug]           Load.loadUnit: cleanEvalClasses took 4.059076ms
[debug]         Load.loadUnit(file:/home/utt/Documents/showcase/expenses-scala/project/, ...) took 1163.678177ms
[debug]       Load.apply: load took 1875.725653ms
[debug]       Load.apply: resolveProjects took 32.982462ms
[debug]       Load.apply: finalTransforms took 634.479715ms
[debug]       Load.apply: config.delegates took 117.93118ms
[debug]       Load.apply: Def.make(settings)... took 1881.662537ms
[debug]       Load.apply: structureIndex took 331.244533ms
[debug]       Load.apply: mkStreams took 2.922658ms
[info] loading project definition from /home/utt/Documents/showcase/expenses-scala/project
[debug] Running task... Cancel: Signal, check cycles: false, forcegc: true
[warn] scala-xml_2.12-1.0.6.jar no longer exists at /home/utt/.cache/coursier/v1/https/repo1.maven.org/maven2/org/scala-lang/modules/scala-xml_2.12/1.0.6/scala-xml_2.12-1.0.6.jar
[debug]     Load.loadUnit: plugins took 26705.573198ms
[debug]     Load.loadUnit: defsScala took 0.018578ms
[debug] [Loading] Scanning directory /home/utt/Documents/showcase/expenses-scala
[debug]       Load.loadUnit: mkEval took 16.598511ms
[debug] [Loading] Found non-root projects 
[debug] [Loading] Done in /home/utt/Documents/showcase/expenses-scala, returning: ()
[debug] deducing auto plugins based on known facts Set(Atom(sbt.plugins.CorePlugin)) and clauses Clauses(List(Clause(Atom(sbt.plugins.JvmPlugin),Set(Atom(sbt.plugins.IvyPlugin))), Clause(Atom(sbt.ScriptedPlugin),Set(Atom(sbt.plugins.JvmPlugin))), Clause(Atom(sbt.plugins.SbtPlugin),Set(Atom(sbt.ScriptedPlugin))), Clause(Atom(sbt.plugins.SemanticdbPlugin),Set(Atom(sbt.plugins.JvmPlugin))), Clause(Atom(sbt.plugins.JUnitXmlReportPlugin),Set(Atom(sbt.plugins.JvmPlugin))), Clause(Atom(sbt.plugins.MiniDependencyTreePlugin),Set(Atom(sbt.plugins.JvmPlugin))), Clause(Atom(sbt.plugins.CorePlugin),Set(Atom(sbt.plugins.IvyPlugin))), Clause(Atom(sbt.plugins.IvyPlugin),Set(Atom(sbt.plugins.JvmPlugin))), Clause(Atom(sbt.plugins.JvmPlugin),Set(Atom(sbt.plugins.SemanticdbPlugin))), Clause(Atom(sbt.plugins.JvmPlugin),Set(Atom(sbt.plugins.JUnitXmlReportPlugin))), Clause(Atom(sbt.plugins.CorePlugin),Set(Atom(sbt.plugins.Giter8TemplatePlugin))), Clause(Atom(sbt.plugins.JvmPlugin),Set(Atom(sbt.plugins.MiniDependencyTreePlugin)))))
[debug]   :: deduced result: Matched(sbt.plugins.CorePlugin,sbt.plugins.Giter8TemplatePlugin,sbt.plugins.IvyPlugin,sbt.plugins.JvmPlugin,sbt.plugins.MiniDependencyTreePlugin,sbt.plugins.JUnitXmlReportPlugin,sbt.plugins.SemanticdbPlugin)
[debug] Plugins.deducer#function took 6.720869 ms
[info] loading settings for project expenses-scala from build.sbt ...
[debug]         Load.resolveProject(expenses-scala) took 10.515589ms
[debug]       Load.loadTransitive: finalizeProject(Project(id expenses-scala, base: /home/utt/Documents/showcase/expenses-scala, plugins: List(<none>))) took 18.578564ms
[debug] [Loading] Done in /home/utt/Documents/showcase/expenses-scala, returning: (expenses-scala)
[debug]     Load.loadUnit: loadedProjectsRaw took 11984.01101ms
[debug]     Load.loadUnit: cleanEvalClasses took 18.248067ms
[debug]   Load.loadUnit(file:/home/utt/Documents/showcase/expenses-scala/, ...) took 38711.65996ms
[debug] Load.apply: load took 38837.532869ms
[debug] Load.apply: resolveProjects took 0.227339ms
[debug] Load.apply: finalTransforms took 40.747697ms
[debug] Load.apply: config.delegates took 0.780498ms
[debug] Load.apply: Def.make(settings)... took 652.265158ms
[debug] Load.apply: structureIndex took 163.526835ms
[debug] Load.apply: mkStreams took 0.010127ms
[info] set current project to expenses-scala (in build file:/home/utt/Documents/showcase/expenses-scala/)
[debug] > Exec(sbtPopOnFailure, None, None)
[debug] > Exec(resumeFromFailure, None, None)
[debug] > Exec(notifyUsersAboutShell, None, None)
[debug] > Exec(iflast shell, None, None)
[debug] > Exec(shell, None, None)
[info] sbt server started at local:///home/utt/.sbt/1.0/server/345da46bab6aea5ebd7e/sock
[info] started sbt server
